{
  "stats": {
    "suites": 0,
    "tests": 1,
    "passes": 1,
    "pending": 0,
    "failures": 0,
    "start": "2022-10-09T13:20:34.355Z",
    "end": "2022-10-09T13:20:40.272Z",
    "duration": 5917,
    "testsRegistered": 1,
    "passPercent": 100,
    "pendingPercent": 0,
    "other": 0,
    "hasOther": false,
    "skipped": 0,
    "hasSkipped": false
  },
  "results": [
    {
      "uuid": "4cab961a-73e6-42b0-a3c3-01b41674b151",
      "title": "",
      "fullFile": "cypress\\e2e\\assertion.cy.js",
      "file": "cypress\\e2e\\assertion.cy.js",
      "beforeHooks": [],
      "afterHooks": [],
      "tests": [
        {
          "title": "assertion",
          "fullTitle": "assertion",
          "timedOut": null,
          "duration": 2368,
          "state": "passed",
          "speed": "fast",
          "pass": true,
          "fail": false,
          "pending": false,
          "context": null,
          "code": "cy.visit('https://example.cypress.io/');\ncy.contains('get').click();\ncy.get('#query-btn').should('contain', 'Button').and('have.class', 'query-btn').and('be.visible').and('be.enabled');\nexpect(true).to.be.true;\nassert.equal(4, 4, 'NOT EQUAL');",
          "err": {},
          "uuid": "1a550c0d-086d-434d-9073-9812323b6f0a",
          "parentUUID": "4cab961a-73e6-42b0-a3c3-01b41674b151",
          "isHook": false,
          "skipped": false
        }
      ],
      "suites": [],
      "passes": [
        "1a550c0d-086d-434d-9073-9812323b6f0a"
      ],
      "failures": [],
      "pending": [],
      "skipped": [],
      "duration": 2368,
      "root": true,
      "rootEmpty": false,
      "_timeout": 2000
    }
  ],
  "meta": {
    "mocha": {
      "version": "7.0.1"
    },
    "mochawesome": {
      "options": {
        "quiet": false,
        "reportFilename": "mochawesome",
        "saveHtml": false,
        "saveJson": true,
        "consoleReporter": "spec",
        "useInlineDiffs": false,
        "code": true
      },
      "version": "7.1.3"
    },
    "marge": {
      "options": {
        "charts": true,
        "overwrite": false,
        "html": false,
        "json": true,
        "reportDir": "cypress/reports"
      },
      "version": "6.2.0"
    }
  }
}