{
  "stats": {
    "suites": 0,
    "tests": 1,
    "passes": 0,
    "pending": 0,
    "failures": 1,
    "start": "2022-10-09T13:21:49.336Z",
    "end": "2022-10-09T13:21:59.297Z",
    "duration": 9961,
    "testsRegistered": 1,
    "passPercent": 0,
    "pendingPercent": 0,
    "other": 0,
    "hasOther": false,
    "skipped": 0,
    "hasSkipped": false
  },
  "results": [
    {
      "uuid": "c015897a-3577-4c1d-89e3-8c820d9b29ef",
      "title": "",
      "fullFile": "cypress\\e2e\\pages\\Dynamictest\\dynamictest.cy.js",
      "file": "cypress\\e2e\\pages\\Dynamictest\\dynamictest.cy.js",
      "beforeHooks": [],
      "afterHooks": [],
      "tests": [
        {
          "title": "Dynamic Table",
          "fullTitle": "Dynamic Table",
          "timedOut": null,
          "duration": 6534,
          "state": "failed",
          "speed": null,
          "pass": false,
          "fail": true,
          "pending": false,
          "context": null,
          "code": "cy.visit(\"http://uitestingplayground.com/\");\ncy.get(':nth-child(3) > :nth-child(2) > h3 > a').click();\ncy.contains('[role=row]').should('[role=cell]');",
          "err": {
            "message": "AssertionError: Timed out retrying after 4000ms: Expected to find content: '[role=row]' but never did.",
            "estack": "AssertionError: Timed out retrying after 4000ms: Expected to find content: '[role=row]' but never did.\n    at Context.eval (webpack:///./cypress/e2e/pages/Dynamictest/dynamictest.cy.js:85:32)",
            "diff": null
          },
          "uuid": "2aec6d0e-6842-4ddf-864a-45ea707873b7",
          "parentUUID": "c015897a-3577-4c1d-89e3-8c820d9b29ef",
          "isHook": false,
          "skipped": false
        }
      ],
      "suites": [],
      "passes": [],
      "failures": [
        "2aec6d0e-6842-4ddf-864a-45ea707873b7"
      ],
      "pending": [],
      "skipped": [],
      "duration": 6534,
      "root": true,
      "rootEmpty": false,
      "_timeout": 2000
    }
  ],
  "meta": {
    "mocha": {
      "version": "7.0.1"
    },
    "mochawesome": {
      "options": {
        "quiet": false,
        "reportFilename": "mochawesome",
        "saveHtml": false,
        "saveJson": true,
        "consoleReporter": "spec",
        "useInlineDiffs": false,
        "code": true
      },
      "version": "7.1.3"
    },
    "marge": {
      "options": {
        "charts": true,
        "overwrite": false,
        "html": false,
        "json": true,
        "reportDir": "cypress/reports"
      },
      "version": "6.2.0"
    }
  }
}