{
  "stats": {
    "suites": 0,
    "tests": 1,
    "passes": 0,
    "pending": 0,
    "failures": 1,
    "start": "2022-10-09T13:21:26.650Z",
    "end": "2022-10-09T13:21:38.284Z",
    "duration": 11634,
    "testsRegistered": 1,
    "passPercent": 0,
    "pendingPercent": 0,
    "other": 0,
    "hasOther": false,
    "skipped": 0,
    "hasSkipped": false
  },
  "results": [
    {
      "uuid": "df3b09fc-f005-4b4c-a27f-829216c73750",
      "title": "",
      "fullFile": "cypress\\e2e\\webtest.cy.js",
      "file": "cypress\\e2e\\webtest.cy.js",
      "beforeHooks": [],
      "afterHooks": [],
      "tests": [
        {
          "title": "google search",
          "fullTitle": "google search",
          "timedOut": null,
          "duration": 7531,
          "state": "failed",
          "speed": null,
          "pass": false,
          "fail": true,
          "pending": false,
          "context": null,
          "code": "cy.visit('https://facebook.com/');\ncy.get('._42ft _4jy0 _9xo7 _4jy3 _4jy1 selected _51sy').click(); // cy.get('#L2AGLb > .QS5gu').click()\n// cy.get('.gLFyf').type('baby shark{enter}')\n// cy.get('.j0joJb').click()",
          "err": {
            "message": "AssertionError: Timed out retrying after 4000ms: Expected to find element: `._42ft _4jy0 _9xo7 _4jy3 _4jy1 selected _51sy`, but never found it.",
            "estack": "AssertionError: Timed out retrying after 4000ms: Expected to find element: `._42ft _4jy0 _9xo7 _4jy3 _4jy1 selected _51sy`, but never found it.\n    at Context.eval (webpack:///./cypress/e2e/webtest.cy.js:10:3)",
            "diff": null
          },
          "uuid": "4a6e7d1f-f1a7-4c5f-a63b-43f7235a4889",
          "parentUUID": "df3b09fc-f005-4b4c-a27f-829216c73750",
          "isHook": false,
          "skipped": false
        }
      ],
      "suites": [],
      "passes": [],
      "failures": [
        "4a6e7d1f-f1a7-4c5f-a63b-43f7235a4889"
      ],
      "pending": [],
      "skipped": [],
      "duration": 7531,
      "root": true,
      "rootEmpty": false,
      "_timeout": 2000
    }
  ],
  "meta": {
    "mocha": {
      "version": "7.0.1"
    },
    "mochawesome": {
      "options": {
        "quiet": false,
        "reportFilename": "mochawesome",
        "saveHtml": false,
        "saveJson": true,
        "consoleReporter": "spec",
        "useInlineDiffs": false,
        "code": true
      },
      "version": "7.1.3"
    },
    "marge": {
      "options": {
        "charts": true,
        "overwrite": false,
        "html": false,
        "json": true,
        "reportDir": "cypress/reports"
      },
      "version": "6.2.0"
    }
  }
}