{
  "stats": {
    "suites": 1,
    "tests": 2,
    "passes": 1,
    "pending": 0,
    "failures": 1,
    "start": "2022-10-09T13:20:50.388Z",
    "end": "2022-10-09T13:21:11.490Z",
    "duration": 21102,
    "testsRegistered": 2,
    "passPercent": 50,
    "pendingPercent": 0,
    "other": 0,
    "hasOther": false,
    "skipped": 0,
    "hasSkipped": false
  },
  "results": [
    {
      "uuid": "b59de879-b846-4e0f-b1d2-e031e1133c68",
      "title": "",
      "fullFile": "cypress\\e2e\\pageobjectmodel.cy.js",
      "file": "cypress\\e2e\\pageobjectmodel.cy.js",
      "beforeHooks": [],
      "afterHooks": [],
      "tests": [],
      "suites": [
        {
          "uuid": "7d5d4d56-b71f-45af-b0f4-b9cf843467b2",
          "title": "all test functions",
          "fullFile": "",
          "file": "",
          "beforeHooks": [],
          "afterHooks": [],
          "tests": [
            {
              "title": "Login test 1",
              "fullTitle": "all test functions Login test 1",
              "timedOut": null,
              "duration": 9045,
              "state": "passed",
              "speed": "medium",
              "pass": true,
              "fail": false,
              "pending": false,
              "context": null,
              "code": "cy.visit('https://opensource-demo.orangehrmlive.com/');\nloginPage.enterUsername('Admin');\nloginPage.enterPassword('admin123');\nloginPage.clickLogin();\ncy.get('.oxd-userdropdown-tab').click();",
              "err": {},
              "uuid": "47d1084e-4359-4aeb-83da-768de72b14db",
              "parentUUID": "7d5d4d56-b71f-45af-b0f4-b9cf843467b2",
              "isHook": false,
              "skipped": false
            },
            {
              "title": "Login test 2",
              "fullTitle": "all test functions Login test 2",
              "timedOut": null,
              "duration": 7843,
              "state": "failed",
              "speed": null,
              "pass": false,
              "fail": true,
              "pending": false,
              "context": null,
              "code": "cy.visit('https://opensource-demo.orangehrmlive.com/');\nloginPage.enterUsername('Admin123');\nloginPage.enterPassword('admin123');\nloginPage.clickLogin();\ncy.get('.oxd-userdropdown-tab').click();",
              "err": {
                "message": "AssertionError: Timed out retrying after 4000ms: Expected to find element: `.oxd-userdropdown-tab`, but never found it.",
                "estack": "AssertionError: Timed out retrying after 4000ms: Expected to find element: `.oxd-userdropdown-tab`, but never found it.\n    at Context.eval (webpack:///./cypress/e2e/pageobjectmodel.cy.js:25:11)",
                "diff": null
              },
              "uuid": "71851bcf-0244-4153-bd2d-108a1025f93c",
              "parentUUID": "7d5d4d56-b71f-45af-b0f4-b9cf843467b2",
              "isHook": false,
              "skipped": false
            }
          ],
          "suites": [],
          "passes": [
            "47d1084e-4359-4aeb-83da-768de72b14db"
          ],
          "failures": [
            "71851bcf-0244-4153-bd2d-108a1025f93c"
          ],
          "pending": [],
          "skipped": [],
          "duration": 16888,
          "root": false,
          "rootEmpty": false,
          "_timeout": 2000
        }
      ],
      "passes": [],
      "failures": [],
      "pending": [],
      "skipped": [],
      "duration": 0,
      "root": true,
      "rootEmpty": true,
      "_timeout": 2000
    }
  ],
  "meta": {
    "mocha": {
      "version": "7.0.1"
    },
    "mochawesome": {
      "options": {
        "quiet": false,
        "reportFilename": "mochawesome",
        "saveHtml": false,
        "saveJson": true,
        "consoleReporter": "spec",
        "useInlineDiffs": false,
        "code": true
      },
      "version": "7.1.3"
    },
    "marge": {
      "options": {
        "charts": true,
        "overwrite": false,
        "html": false,
        "json": true,
        "reportDir": "cypress/reports"
      },
      "version": "6.2.0"
    }
  }
}